<?xml version="1.0" encoding="UTF-8"?>
<!-- Generated by org.testng.reporters.JUnitReportReporter -->
<testsuite hostname="Softray-ARedzepovac" failures="0" tests="1" name="testmobile.DragDropDemo" time="7.047" errors="0" timestamp="2022-12-28T17:56:46 CET" skipped="0">
  <testcase classname="testmobile.DragDropDemo" name="DragDropTest" time="7.047"/>
  <system-out/>
</testsuite> <!-- testmobile.DragDropDemo -->
