<?xml version="1.0" encoding="UTF-8"?>
<!-- Generated by org.testng.reporters.JUnitReportReporter -->
<testsuite hostname="Softray-ARedzepovac" failures="0" tests="1" name="testmobile.SwipeDemo" time="8.174" errors="0" timestamp="2022-12-28T15:37:16 CET" skipped="0">
  <testcase classname="testmobile.SwipeDemo" name="SwipeDemoTest" time="8.174"/>
  <system-out/>
</testsuite> <!-- testmobile.SwipeDemo -->
