<?xml version="1.0" encoding="UTF-8"?>
<!-- Generated by org.testng.reporters.JUnitReportReporter -->
<testsuite hostname="Softray-ARedzepovac" failures="0" tests="6" name="testmobile.AppDemo" time="16.762" errors="0" timestamp="2022-12-29T10:14:57 CET" skipped="0">
  <testcase classname="testmobile.AppDemo" name="openSecondDialogAndClickOk" time="2.316"/>
  <system-out/>
  <testcase classname="testmobile.AppDemo" name="openSecondDialogAndClickSomething" time="2.216"/>
  <system-out/>
  <testcase classname="testmobile.AppDemo" name="openDialogAndClickOk" time="2.226"/>
  <system-out/>
  <testcase classname="testmobile.AppDemo" name="openAlertDialog" time="4.328"/>
  <system-out/>
  <testcase classname="testmobile.AppDemo" name="openSecondDialogAndClickCancel" time="3.850"/>
  <system-out/>
  <testcase classname="testmobile.AppDemo" name="openDialogAndClickCancel" time="1.826"/>
  <system-out/>
</testsuite> <!-- testmobile.AppDemo -->
