<?xml version="1.0" encoding="UTF-8"?>
<!-- Generated by org.testng.reporters.JUnitReportReporter -->
<testsuite hostname="Softray-ARedzepovac" failures="0" tests="1" name="testmobile.eCommerce_tc_2" time="26.566" errors="0" timestamp="2023-01-04T13:40:59 CET" skipped="0">
  <testcase classname="testmobile.eCommerce_tc_2" name="FillForm" time="26.566"/>
  <system-out/>
</testsuite> <!-- testmobile.eCommerce_tc_2 -->
