<?xml version="1.0" encoding="UTF-8"?>
<!-- Generated by org.testng.reporters.JUnitReportReporter -->
<testsuite hostname="Softray-ARedzepovac" failures="0" tests="1" name="testmobile.MisceallanounsAppiumActions" time="25.111" errors="0" timestamp="2023-01-03T16:25:49 CET" skipped="0">
  <testcase classname="testmobile.MisceallanounsAppiumActions" name="Misceallanouns" time="25.111"/>
  <system-out/>
</testsuite> <!-- testmobile.MisceallanounsAppiumActions -->
