<?xml version="1.0" encoding="UTF-8"?>
<!-- Generated by org.testng.reporters.JUnitReportReporter -->
<testsuite hostname="Softray-ARedzepovac" failures="0" tests="1" name="testmobile.eCommerce_tc_3" time="27.604" errors="0" timestamp="2023-01-04T16:36:54 CET" skipped="0">
  <testcase classname="testmobile.eCommerce_tc_3" name="FillForm" time="27.604"/>
  <system-out/>
</testsuite> <!-- testmobile.eCommerce_tc_3 -->
