<?xml version="1.0" encoding="UTF-8"?>
<!-- Generated by org.testng.reporters.JUnitReportReporter -->
<testsuite hostname="Softray-ARedzepovac" failures="0" tests="1" name="testmobile.LongPress" time="9.241" errors="0" timestamp="2022-12-28T14:49:39 CET" skipped="0">
  <testcase classname="testmobile.LongPress" name="LongPressGesture" time="9.241"/>
  <system-out/>
</testsuite> <!-- testmobile.LongPress -->
