<?xml version="1.0" encoding="UTF-8"?>
<!-- Generated by org.testng.reporters.JUnitReportReporter -->
<testsuite hostname="Softray-ARedzepovac" failures="0" tests="1" name="testmobile.ScrollDemo" time="37.039" errors="0" timestamp="2022-12-28T14:50:42 CET" skipped="0">
  <testcase classname="testmobile.ScrollDemo" name="ScrollDemoTest" time="37.039"/>
  <system-out/>
</testsuite> <!-- testmobile.ScrollDemo -->
