<?xml version="1.0" encoding="UTF-8"?>
<!-- Generated by org.testng.reporters.JUnitReportReporter -->
<testsuite hostname="Softray-ARedzepovac" failures="0" tests="1" name="testmobile.AppiumBasics" time="13.879" errors="0" timestamp="2022-12-28T00:19:15 CET" skipped="0">
  <testcase classname="testmobile.AppiumBasics" name="WifiSettingsName" time="13.879"/>
  <system-out/>
</testsuite> <!-- testmobile.AppiumBasics -->
